<?xml version="1.0" encoding="UTF-8"?>
<testsuite xmlns:xsi="http://www.w3.org/2001/XMLSchema-instance" xsi:noNamespaceSchemaLocation="https://maven.apache.org/surefire/maven-surefire-plugin/xsd/surefire-test-report.xsd" name="com.rmit.PrescriptionTest" time="0.066" tests="6" errors="0" skipped="0" failures="0">
  <properties>
[...]
</properties>
  <testcase name="testAddPrescriptionInvalidFirstName" classname="com.rmit.PrescriptionTest" time="0.023"/>
  <testcase name="testAddRemarkExceedLimit" classname="com.rmit.PrescriptionTest" time="0.003"/>
  <testcase name="testAddPrescriptionValid" classname="com.rmit.PrescriptionTest" time="0.026"/>
  <testcase name="testAddPrescriptionInvalidAddress" classname="com.rmit.PrescriptionTest" time="0.001"/>
  <testcase name="testAddRemarkInvalidRemarkTooShort" classname="com.rmit.PrescriptionTest" time="0"/>
  <testcase name="testAddRemarkValid" classname="com.rmit.PrescriptionTest" time="0.001"/>
</testsuite>